<?xml version="1.0" encoding="UTF-8"?>
<testsuites>
  <testsuite name="" tests="21" assertions="22" errors="0" warnings="0" failures="0" skipped="0" time="0.008518">
    <testsuite name="Unit" tests="21" assertions="22" errors="0" warnings="0" failures="0" skipped="0" time="0.008518">
      <testsuite name="ArtARTs36\FileSystem\Local\Tests\Unit\LocalFileSystemTest" file="/Users/artem/PhpstormProjects/artarts36/libraries/local-file-system/tests/Unit/LocalFileSystemTest.php" tests="21" assertions="22" errors="0" warnings="0" failures="0" skipped="0" time="0.008518">
        <testcase name="testGetLastUpdateDateOnNotExists" class="ArtARTs36\FileSystem\Local\Tests\Unit\LocalFileSystemTest" classname="ArtARTs36.FileSystem.Local.Tests.Unit.LocalFileSystemTest" file="/Users/artem/PhpstormProjects/artarts36/libraries/local-file-system/tests/Unit/LocalFileSystemTest.php" line="147" assertions="1" time="0.002568"/>
        <testsuite name="ArtARTs36\FileSystem\Local\Tests\Unit\LocalFileSystemTest::testDownPath" tests="2" assertions="2" errors="0" warnings="0" failures="0" skipped="0" time="0.000337">
          <testcase name="testDownPath with data set #0" class="ArtARTs36\FileSystem\Local\Tests\Unit\LocalFileSystemTest" classname="ArtARTs36.FileSystem.Local.Tests.Unit.LocalFileSystemTest" file="/Users/artem/PhpstormProjects/artarts36/libraries/local-file-system/tests/Unit/LocalFileSystemTest.php" line="50" assertions="1" time="0.000264"/>
          <testcase name="testDownPath with data set #1" class="ArtARTs36\FileSystem\Local\Tests\Unit\LocalFileSystemTest" classname="ArtARTs36.FileSystem.Local.Tests.Unit.LocalFileSystemTest" file="/Users/artem/PhpstormProjects/artarts36/libraries/local-file-system/tests/Unit/LocalFileSystemTest.php" line="50" assertions="1" time="0.000073"/>
        </testsuite>
        <testcase name="testGetLastUpdateDateGood" class="ArtARTs36\FileSystem\Local\Tests\Unit\LocalFileSystemTest" classname="ArtARTs36.FileSystem.Local.Tests.Unit.LocalFileSystemTest" file="/Users/artem/PhpstormProjects/artarts36/libraries/local-file-system/tests/Unit/LocalFileSystemTest.php" line="135" assertions="1" time="0.000149"/>
        <testcase name="testGetTmpDir" class="ArtARTs36\FileSystem\Local\Tests\Unit\LocalFileSystemTest" classname="ArtARTs36.FileSystem.Local.Tests.Unit.LocalFileSystemTest" file="/Users/artem/PhpstormProjects/artarts36/libraries/local-file-system/tests/Unit/LocalFileSystemTest.php" line="273" assertions="1" time="0.000133"/>
        <testcase name="testCreateFile" class="ArtARTs36\FileSystem\Local\Tests\Unit\LocalFileSystemTest" classname="ArtARTs36.FileSystem.Local.Tests.Unit.LocalFileSystemTest" file="/Users/artem/PhpstormProjects/artarts36/libraries/local-file-system/tests/Unit/LocalFileSystemTest.php" line="170" assertions="1" time="0.000739"/>
        <testcase name="testGetAbsolutePathOnFileNotFound" class="ArtARTs36\FileSystem\Local\Tests\Unit\LocalFileSystemTest" classname="ArtARTs36.FileSystem.Local.Tests.Unit.LocalFileSystemTest" file="/Users/artem/PhpstormProjects/artarts36/libraries/local-file-system/tests/Unit/LocalFileSystemTest.php" line="283" assertions="1" time="0.000403"/>
        <testcase name="testRemoveFileGood" class="ArtARTs36\FileSystem\Local\Tests\Unit\LocalFileSystemTest" classname="ArtARTs36.FileSystem.Local.Tests.Unit.LocalFileSystemTest" file="/Users/artem/PhpstormProjects/artarts36/libraries/local-file-system/tests/Unit/LocalFileSystemTest.php" line="121" assertions="1" time="0.000750"/>
        <testcase name="testGetFileContentOnGood" class="ArtARTs36\FileSystem\Local\Tests\Unit\LocalFileSystemTest" classname="ArtARTs36.FileSystem.Local.Tests.Unit.LocalFileSystemTest" file="/Users/artem/PhpstormProjects/artarts36/libraries/local-file-system/tests/Unit/LocalFileSystemTest.php" line="99" assertions="1" time="0.000193"/>
        <testcase name="testGetFileContentOnNotFound" class="ArtARTs36\FileSystem\Local\Tests\Unit\LocalFileSystemTest" classname="ArtARTs36.FileSystem.Local.Tests.Unit.LocalFileSystemTest" file="/Users/artem/PhpstormProjects/artarts36/libraries/local-file-system/tests/Unit/LocalFileSystemTest.php" line="85" assertions="1" time="0.000095"/>
        <testcase name="testGetFromDirectory" class="ArtARTs36\FileSystem\Local\Tests\Unit\LocalFileSystemTest" classname="ArtARTs36.FileSystem.Local.Tests.Unit.LocalFileSystemTest" file="/Users/artem/PhpstormProjects/artarts36/libraries/local-file-system/tests/Unit/LocalFileSystemTest.php" line="14" assertions="1" time="0.000178"/>
        <testcase name="testConstructor" class="ArtARTs36\FileSystem\Local\Tests\Unit\LocalFileSystemTest" classname="ArtARTs36.FileSystem.Local.Tests.Unit.LocalFileSystemTest" file="/Users/artem/PhpstormProjects/artarts36/libraries/local-file-system/tests/Unit/LocalFileSystemTest.php" line="157" assertions="1" time="0.000077"/>
        <testcase name="testRemoveDirExistsUndefined" class="ArtARTs36\FileSystem\Local\Tests\Unit\LocalFileSystemTest" classname="ArtARTs36.FileSystem.Local.Tests.Unit.LocalFileSystemTest" file="/Users/artem/PhpstormProjects/artarts36/libraries/local-file-system/tests/Unit/LocalFileSystemTest.php" line="258" assertions="1" time="0.000086"/>
        <testsuite name="ArtARTs36\FileSystem\Local\Tests\Unit\LocalFileSystemTest::testRemoveDirOn2Level" tests="1" assertions="1" errors="0" warnings="0" failures="0" skipped="0" time="0.001772">
          <testcase name="testRemoveDirOn2Level with data set #0" class="ArtARTs36\FileSystem\Local\Tests\Unit\LocalFileSystemTest" classname="ArtARTs36.FileSystem.Local.Tests.Unit.LocalFileSystemTest" file="/Users/artem/PhpstormProjects/artarts36/libraries/local-file-system/tests/Unit/LocalFileSystemTest.php" line="236" assertions="1" time="0.001772"/>
        </testsuite>
        <testcase name="testRemoveDir" class="ArtARTs36\FileSystem\Local\Tests\Unit\LocalFileSystemTest" classname="ArtARTs36.FileSystem.Local.Tests.Unit.LocalFileSystemTest" file="/Users/artem/PhpstormProjects/artarts36/libraries/local-file-system/tests/Unit/LocalFileSystemTest.php" line="27" assertions="1" time="0.000130"/>
        <testcase name="testCreateDirOnExists" class="ArtARTs36\FileSystem\Local\Tests\Unit\LocalFileSystemTest" classname="ArtARTs36.FileSystem.Local.Tests.Unit.LocalFileSystemTest" file="/Users/artem/PhpstormProjects/artarts36/libraries/local-file-system/tests/Unit/LocalFileSystemTest.php" line="202" assertions="2" time="0.000275"/>
        <testsuite name="ArtARTs36\FileSystem\Local\Tests\Unit\LocalFileSystemTest::testGetAbsolutePath" tests="1" assertions="1" errors="0" warnings="0" failures="0" skipped="0" time="0.000141">
          <testcase name="testGetAbsolutePath with data set #0" class="ArtARTs36\FileSystem\Local\Tests\Unit\LocalFileSystemTest" classname="ArtARTs36.FileSystem.Local.Tests.Unit.LocalFileSystemTest" file="/Users/artem/PhpstormProjects/artarts36/libraries/local-file-system/tests/Unit/LocalFileSystemTest.php" line="306" assertions="1" time="0.000141"/>
        </testsuite>
        <testcase name="testCreateDir" class="ArtARTs36\FileSystem\Local\Tests\Unit\LocalFileSystemTest" classname="ArtARTs36.FileSystem.Local.Tests.Unit.LocalFileSystemTest" file="/Users/artem/PhpstormProjects/artarts36/libraries/local-file-system/tests/Unit/LocalFileSystemTest.php" line="186" assertions="1" time="0.000240"/>
        <testcase name="testRemoveFileOnNotExists" class="ArtARTs36\FileSystem\Local\Tests\Unit\LocalFileSystemTest" classname="ArtARTs36.FileSystem.Local.Tests.Unit.LocalFileSystemTest" file="/Users/artem/PhpstormProjects/artarts36/libraries/local-file-system/tests/Unit/LocalFileSystemTest.php" line="111" assertions="1" time="0.000120"/>
        <testsuite name="ArtARTs36\FileSystem\Local\Tests\Unit\LocalFileSystemTest::testExists" tests="2" assertions="2" errors="0" warnings="0" failures="0" skipped="0" time="0.000131">
          <testcase name="testExists with data set #0" class="ArtARTs36\FileSystem\Local\Tests\Unit\LocalFileSystemTest" classname="ArtARTs36.FileSystem.Local.Tests.Unit.LocalFileSystemTest" file="/Users/artem/PhpstormProjects/artarts36/libraries/local-file-system/tests/Unit/LocalFileSystemTest.php" line="75" assertions="1" time="0.000076"/>
          <testcase name="testExists with data set #1" class="ArtARTs36\FileSystem\Local\Tests\Unit\LocalFileSystemTest" classname="ArtARTs36.FileSystem.Local.Tests.Unit.LocalFileSystemTest" file="/Users/artem/PhpstormProjects/artarts36/libraries/local-file-system/tests/Unit/LocalFileSystemTest.php" line="75" assertions="1" time="0.000055"/>
        </testsuite>
      </testsuite>
    </testsuite>
  </testsuite>
</testsuites>
